#
# There is insufficient memory for the Java Runtime Environment to continue.
# Native memory allocation (malloc) failed to allocate 1579152 bytes. Error detail: Chunk::new
# Possible reasons:
#   The system is out of physical RAM or swap space
#   This process is running with CompressedOops enabled, and the Java Heap may be blocking the growth of the native heap
# Possible solutions:
#   Reduce memory load on the system
#   Increase physical memory or swap space
#   Check if swap backing store is full
#   Decrease Java heap size (-Xmx/-Xms)
#   Decrease number of Java threads
#   Decrease Java thread stack sizes (-Xss)
#   Set larger code cache with -XX:ReservedCodeCacheSize=
#   JVM is running with Unscaled Compressed Oops mode in which the Java heap is
#     placed in the first 4GB address space. The Java Heap base address is the
#     maximum limit for the native heap growth. Please use -XX:HeapBaseMinAddress
#     to set the Java Heap base and to place the Java Heap above 4GB virtual address.
# This output file may be truncated or incomplete.
#
#  Out of Memory Error (arena.cpp:162), pid=6664, tid=17352
#
# JRE version: OpenJDK Runtime Environment (24.0.1+9) (build 24.0.1+9-30)
# Java VM: OpenJDK 64-Bit Server VM (24.0.1+9-30, mixed mode, sharing, tiered, compressed oops, compressed class ptrs, g1 gc, windows-amd64)
# No core dump will be written. Minidumps are not enabled by default on client versions of Windows
#

---------------  S U M M A R Y ------------

Command Line: -javaagent:C:\Program Files\JetBrains\IntelliJ IDEA Community Edition 2025.1.2\lib\idea_rt.jar=58574 -Dfile.encoding=UTF-8 -Dsun.stdout.encoding=UTF-8 -Dsun.stderr.encoding=UTF-8 com.janr.itsm.ItServiceManagementApplication

Host: Intel(R) Core(TM) i5-8250U CPU @ 1.60GHz, 8 cores, 7G,  Windows 11 , 64 bit Build 26100 (10.0.26100.4484)
Time: Tue Oct 28 17:07:48 2025 Malay Peninsula Standard Time elapsed time: 184.277085 seconds (0d 0h 3m 4s)

---------------  T H R E A D  ---------------

Current thread (0x000001b9ffda8b80):  JavaThread "C2 CompilerThread0" daemon [_thread_in_native, id=17352, stack(0x0000007476b00000,0x0000007476c00000) (1024K)]


Current CompileTask:
C2:184277 6835       4       org.springframework.boot.devtools.filewatch.FileSnapshot::equals (110 bytes)

Stack: [0x0000007476b00000,0x0000007476c00000]
Native frames: (J=compiled Java code, j=interpreted, Vv=VM code, C=native code)
V  [jvm.dll+0x730739]  (no source info available)
V  [jvm.dll+0x8d9b23]  (no source info available)
V  [jvm.dll+0x8dc00d]  (no source info available)
V  [jvm.dll+0x8dc683]  (no source info available)
V  [jvm.dll+0x2aa086]  (no source info available)
V  [jvm.dll+0xcedef]  (no source info available)
V  [jvm.dll+0xcf04f]  (no source info available)
V  [jvm.dll+0x154d83]  (no source info available)
V  [jvm.dll+0x735f5f]  (no source info available)
V  [jvm.dll+0x26fa1c]  (no source info available)
V  [jvm.dll+0x26ea3f]  (no source info available)
V  [jvm.dll+0x1e9d60]  (no source info available)
V  [jvm.dll+0x27e1fb]  (no source info available)
V  [jvm.dll+0x27c49a]  (no source info available)
V  [jvm.dll+0x42f456]  (no source info available)
V  [jvm.dll+0x87d76b]  (no source info available)
V  [jvm.dll+0x72ee55]  (no source info available)
C  [ucrtbase.dll+0x37b0]  (no source info available)
C  [KERNEL32.DLL+0x2e8d7]  (no source info available)
C  [ntdll.dll+0x3c34c]  (no source info available)

Lock stack of current Java thread (top to bottom):


---------------  P R O C E S S  ---------------

Threads class SMR info:
_java_thread_list=0x000001b9e2250300, length=31, elements={
0x000001b9ffd6da50, 0x000001b9ffd6e190, 0x000001b9ffd70b40, 0x000001b9ffd71830,
0x000001b9ffd79f80, 0x000001b9ffda3cf0, 0x000001b9ffda8b80, 0x000001b9ffdab320,
0x000001b999a13a70, 0x000001b999b28e20, 0x000001b999b29560, 0x000001b9e034c9f0,
0x000001b9e034d890, 0x000001b9e0c5d570, 0x000001b9e0c5e410, 0x000001b9e0c5ce20,
0x000001b9e0c5c6d0, 0x000001b9e0c62d30, 0x000001b9e0c608a0, 0x000001b9e0c5fa00,
0x000001b9e0c60150, 0x000001b9e0c61740, 0x000001b9e0c63480, 0x000001b9e0c60ff0,
0x000001b9e0c625e0, 0x000001b9e0c61e90, 0x000001b9e034c2a0, 0x000001b9e3802700,
0x000001b9e3802e50, 0x000001b9e38052e0, 0x000001b9e3804440
}

Java Threads: ( => current thread )
  0x000001b9ffd6da50 JavaThread "Reference Handler"          daemon [_thread_blocked, id=8788, stack(0x0000007476500000,0x0000007476600000) (1024K)]
  0x000001b9ffd6e190 JavaThread "Finalizer"                  daemon [_thread_blocked, id=11928, stack(0x0000007476600000,0x0000007476700000) (1024K)]
  0x000001b9ffd70b40 JavaThread "Signal Dispatcher"          daemon [_thread_blocked, id=18272, stack(0x0000007476700000,0x0000007476800000) (1024K)]
  0x000001b9ffd71830 JavaThread "Attach Listener"            daemon [_thread_blocked, id=13460, stack(0x0000007476800000,0x0000007476900000) (1024K)]
  0x000001b9ffd79f80 JavaThread "Service Thread"             daemon [_thread_blocked, id=14460, stack(0x0000007476900000,0x0000007476a00000) (1024K)]
  0x000001b9ffda3cf0 JavaThread "Monitor Deflation Thread"   daemon [_thread_blocked, id=6204, stack(0x0000007476a00000,0x0000007476b00000) (1024K)]
=>0x000001b9ffda8b80 JavaThread "C2 CompilerThread0"         daemon [_thread_in_native, id=17352, stack(0x0000007476b00000,0x0000007476c00000) (1024K)]
  0x000001b9ffdab320 JavaThread "C1 CompilerThread0"         daemon [_thread_blocked, id=18964, stack(0x0000007476c00000,0x0000007476d00000) (1024K)]
  0x000001b999a13a70 JavaThread "Common-Cleaner"             daemon [_thread_blocked, id=19012, stack(0x0000007476d00000,0x0000007476e00000) (1024K)]
  0x000001b999b28e20 JavaThread "Monitor Ctrl-Break"         daemon [_thread_in_native, id=3608, stack(0x0000007476f00000,0x0000007477000000) (1024K)]
  0x000001b999b29560 JavaThread "Notification Thread"        daemon [_thread_blocked, id=17284, stack(0x0000007477000000,0x0000007477100000) (1024K)]
  0x000001b9e034c9f0 JavaThread "mysql-cj-abandoned-connection-cleanup" daemon [_thread_blocked, id=6804, stack(0x0000007477300000,0x0000007477400000) (1024K)]
  0x000001b9e034d890 JavaThread "HikariPool-1:housekeeper"   daemon [_thread_blocked, id=13064, stack(0x0000007477e00000,0x0000007477f00000) (1024K)]
  0x000001b9e0c5d570 JavaThread "Catalina-utility-1"                [_thread_blocked, id=7040, stack(0x0000007478000000,0x0000007478100000) (1024K)]
  0x000001b9e0c5e410 JavaThread "Catalina-utility-2"                [_thread_blocked, id=9284, stack(0x0000007478100000,0x0000007478200000) (1024K)]
  0x000001b9e0c5ce20 JavaThread "container-0"                       [_thread_blocked, id=11216, stack(0x0000007478200000,0x0000007478300000) (1024K)]
  0x000001b9e0c5c6d0 JavaThread "File Watcher"               daemon [_thread_blocked, id=16112, stack(0x0000007478300000,0x0000007478400000) (1024K)]
  0x000001b9e0c62d30 JavaThread "Live Reload Server"         daemon [_thread_in_native, id=16372, stack(0x0000007478500000,0x0000007478600000) (1024K)]
  0x000001b9e0c608a0 JavaThread "http-nio-8080-exec-1"       daemon [_thread_blocked, id=19496, stack(0x0000007478400000,0x0000007478500000) (1024K)]
  0x000001b9e0c5fa00 JavaThread "http-nio-8080-exec-2"       daemon [_thread_blocked, id=12396, stack(0x0000007478600000,0x0000007478700000) (1024K)]
  0x000001b9e0c60150 JavaThread "http-nio-8080-exec-3"       daemon [_thread_blocked, id=7976, stack(0x0000007478700000,0x0000007478800000) (1024K)]
  0x000001b9e0c61740 JavaThread "http-nio-8080-exec-4"       daemon [_thread_blocked, id=7052, stack(0x0000007478800000,0x0000007478900000) (1024K)]
  0x000001b9e0c63480 JavaThread "http-nio-8080-exec-5"       daemon [_thread_blocked, id=1568, stack(0x0000007478900000,0x0000007478a00000) (1024K)]
  0x000001b9e0c60ff0 JavaThread "http-nio-8080-exec-6"       daemon [_thread_blocked, id=15988, stack(0x0000007478a00000,0x0000007478b00000) (1024K)]
  0x000001b9e0c625e0 JavaThread "http-nio-8080-exec-7"       daemon [_thread_blocked, id=1600, stack(0x0000007478b00000,0x0000007478c00000) (1024K)]
  0x000001b9e0c61e90 JavaThread "http-nio-8080-exec-8"       daemon [_thread_blocked, id=10776, stack(0x0000007478c00000,0x0000007478d00000) (1024K)]
  0x000001b9e034c2a0 JavaThread "http-nio-8080-exec-9"       daemon [_thread_blocked, id=19784, stack(0x0000007478d00000,0x0000007478e00000) (1024K)]
  0x000001b9e3802700 JavaThread "http-nio-8080-exec-10"      daemon [_thread_blocked, id=18256, stack(0x0000007478e00000,0x0000007478f00000) (1024K)]
  0x000001b9e3802e50 JavaThread "http-nio-8080-Poller"       daemon [_thread_in_native, id=12944, stack(0x0000007478f00000,0x0000007479000000) (1024K)]
  0x000001b9e38052e0 JavaThread "http-nio-8080-Acceptor"     daemon [_thread_in_native, id=19864, stack(0x0000007479000000,0x0000007479100000) (1024K)]
  0x000001b9e3804440 JavaThread "DestroyJavaVM"                     [_thread_blocked, id=19796, stack(0x0000007475d00000,0x0000007475e00000) (1024K)]
Total: 31

Other Threads:
  0x000001b9ffd5f2c0 VMThread "VM Thread"                           [id=11644, stack(0x0000007476400000,0x0000007476500000) (1024K)]
  0x000001b9ffd52d00 WatcherThread "VM Periodic Task Thread"        [id=6844, stack(0x0000007476300000,0x0000007476400000) (1024K)]
  0x000001b9fc65f5e0 WorkerThread "GC Thread#0"                     [id=17836, stack(0x0000007475e00000,0x0000007475f00000) (1024K)]
  0x000001b9dfca6130 WorkerThread "GC Thread#1"                     [id=6180, stack(0x0000007477400000,0x0000007477500000) (1024K)]
  0x000001b9dfca64e0 WorkerThread "GC Thread#2"                     [id=6880, stack(0x0000007477500000,0x0000007477600000) (1024K)]
  0x000001b9dfcabb50 WorkerThread "GC Thread#3"                     [id=1576, stack(0x0000007477600000,0x0000007477700000) (1024K)]
  0x000001b9dfd6beb0 WorkerThread "GC Thread#4"                     [id=19952, stack(0x0000007477700000,0x0000007477800000) (1024K)]
  0x000001b9dfd6b750 WorkerThread "GC Thread#5"                     [id=14256, stack(0x0000007477800000,0x0000007477900000) (1024K)]
  0x000001b9dfd6bb00 WorkerThread "GC Thread#6"                     [id=10900, stack(0x0000007477900000,0x0000007477a00000) (1024K)]
  0x000001b9dfd6c260 WorkerThread "GC Thread#7"                     [id=19720, stack(0x0000007477a00000,0x0000007477b00000) (1024K)]
  0x000001b9fc675070 ConcurrentGCThread "G1 Main Marker"            [id=7468, stack(0x0000007475f00000,0x0000007476000000) (1024K)]
  0x000001b9fc675b80 WorkerThread "G1 Conc#0"                       [id=7320, stack(0x0000007476000000,0x0000007476100000) (1024K)]
  0x000001b9e0533af0 WorkerThread "G1 Conc#1"                       [id=14376, stack(0x0000007477c00000,0x0000007477d00000) (1024K)]
  0x000001b9fc6be9b0 ConcurrentGCThread "G1 Refine#0"               [id=7760, stack(0x0000007476100000,0x0000007476200000) (1024K)]
  0x000001b9ffc22740 ConcurrentGCThread "G1 Service"                [id=6812, stack(0x0000007476200000,0x0000007476300000) (1024K)]
Total: 15

Threads with active compile tasks:
C2 CompilerThread0  184489 6835       4       org.springframework.boot.devtools.filewatch.FileSnapshot::equals (110 bytes)
Total: 1

VM state: not at safepoint (normal execution)

VM Mutex/Monitor currently owned by a thread: None

Heap address: 0x0000000081e00000, size: 2018 MB, Compressed Oops mode: 32-bit

CDS archive(s) mapped at: [0x000001b99a000000-0x000001b99ad40000-0x000001b99ad40000), size 13893632, SharedBaseAddress: 0x000001b99a000000, ArchiveRelocationMode: 1.
Compressed class space mapped at: 0x000001b99b000000-0x000001b9db000000, reserved size: 1073741824
UseCompressedClassPointers 1, UseCompactObjectHeaders 0
Narrow klass pointer bits 32, Max shift 3
Narrow klass base: 0x000001b99a000000, Narrow klass shift: 0
Encoding Range: [0x000001b99a000000 - 0x000001ba9a000000), (4294967296 bytes)
Klass Range:    [0x000001b99a000000 - 0x000001b9db000000), (1090519040 bytes)
Klass ID Range:  [8 - 1090519033) (1090519025)

GC Precious Log:
 CardTable entry size: 512
 Card Set container configuration: InlinePtr #cards 5 size 8 Array Of Cards #cards 10 size 36 Howl #buckets 4 coarsen threshold 1843 Howl Bitmap #cards 512 size 80 coarsen threshold 460 Card regions per heap region 1 cards per card region 2048
 CPUs: 8 total, 8 available
 Memory: 8070M
 Large Page Support: Disabled
 NUMA Support: Disabled
 Compressed Oops: Enabled (32-bit)
 Heap Region Size: 1M
 Heap Min Capacity: 8M
 Heap Initial Capacity: 128M
 Heap Max Capacity: 2018M
 Pre-touch: Disabled
 Parallel Workers: 8
 Concurrent Workers: 2
 Concurrent Refinement Workers: 8
 Periodic GC: Disabled

Heap:
 garbage-first heap   total reserved 2066432K, committed 63488K, used 44743K [0x0000000081e00000, 0x0000000100000000)
  region size 1024K, 17 young (17408K), 4 survivors (4096K)
 Metaspace       used 74335K, committed 74944K, reserved 1179648K
  class space    used 8061K, committed 8320K, reserved 1048576K

Heap Regions: E=young(eden), S=young(survivor), O=old, HS=humongous(starts), HC=humongous(continues), CS=collection set, F=free, TAMS=top-at-mark-start, PB=parsable bottom
|   0|0x0000000081e00000, 0x0000000081f00000, 0x0000000081f00000|100%|HS|  |TAMS 0x0000000081e00000| PB 0x0000000081e00000| Complete |  0
|   1|0x0000000081f00000, 0x0000000082000000, 0x0000000082000000|100%|HS|  |TAMS 0x0000000081f00000| PB 0x0000000081f00000| Complete |  0
|   2|0x0000000082000000, 0x0000000082100000, 0x0000000082100000|100%| O|  |TAMS 0x0000000082000000| PB 0x0000000082000000| Untracked |  0
|   3|0x0000000082100000, 0x0000000082200000, 0x0000000082200000|100%| O|  |TAMS 0x0000000082100000| PB 0x0000000082100000| Untracked |  0
|   4|0x0000000082200000, 0x0000000082300000, 0x0000000082300000|100%| O|  |TAMS 0x0000000082200000| PB 0x0000000082200000| Untracked |  0
|   5|0x0000000082300000, 0x0000000082400000, 0x0000000082400000|100%| O|  |TAMS 0x0000000082300000| PB 0x0000000082300000| Untracked |  0
|   6|0x0000000082400000, 0x0000000082500000, 0x0000000082500000|100%| O|  |TAMS 0x0000000082400000| PB 0x0000000082400000| Untracked |  0
|   7|0x0000000082500000, 0x0000000082600000, 0x0000000082600000|100%| O|  |TAMS 0x0000000082500000| PB 0x0000000082500000| Untracked |  0
|   8|0x0000000082600000, 0x0000000082700000, 0x0000000082700000|100%| O|  |TAMS 0x0000000082600000| PB 0x0000000082600000| Untracked |  0
|   9|0x0000000082700000, 0x0000000082800000, 0x0000000082800000|100%| O|  |TAMS 0x0000000082700000| PB 0x0000000082700000| Untracked |  0
|  10|0x0000000082800000, 0x0000000082900000, 0x0000000082900000|100%| O|  |TAMS 0x0000000082800000| PB 0x0000000082800000| Untracked |  0
|  11|0x0000000082900000, 0x0000000082a00000, 0x0000000082a00000|100%| O|  |TAMS 0x0000000082900000| PB 0x0000000082900000| Untracked |  0
|  12|0x0000000082a00000, 0x0000000082b00000, 0x0000000082b00000|100%| O|  |TAMS 0x0000000082a00000| PB 0x0000000082a00000| Untracked |  0
|  13|0x0000000082b00000, 0x0000000082c00000, 0x0000000082c00000|100%| O|  |TAMS 0x0000000082b00000| PB 0x0000000082b00000| Untracked |  0
|  14|0x0000000082c00000, 0x0000000082d00000, 0x0000000082d00000|100%| O|  |TAMS 0x0000000082c00000| PB 0x0000000082c00000| Untracked |  0
|  15|0x0000000082d00000, 0x0000000082e00000, 0x0000000082e00000|100%| O|  |TAMS 0x0000000082d00000| PB 0x0000000082d00000| Untracked |  0
|  16|0x0000000082e00000, 0x0000000082e00000, 0x0000000082f00000|  0%| F|  |TAMS 0x0000000082e00000| PB 0x0000000082e00000| Untracked |  0
|  17|0x0000000082f00000, 0x0000000083000000, 0x0000000083000000|100%| O|  |TAMS 0x0000000082f00000| PB 0x0000000082f00000| Untracked |  0
|  18|0x0000000083000000, 0x0000000083100000, 0x0000000083100000|100%| O|  |TAMS 0x0000000083000000| PB 0x0000000083000000| Untracked |  0
|  19|0x0000000083100000, 0x0000000083200000, 0x0000000083200000|100%| O|Cm|TAMS 0x0000000083100000| PB 0x0000000083100000| Complete |  0
|  20|0x0000000083200000, 0x0000000083300000, 0x0000000083300000|100%| O|  |TAMS 0x0000000083200000| PB 0x0000000083200000| Untracked |  0
|  21|0x0000000083300000, 0x0000000083400000, 0x0000000083400000|100%| O|  |TAMS 0x0000000083300000| PB 0x0000000083300000| Untracked |  0
|  22|0x0000000083400000, 0x0000000083500000, 0x0000000083500000|100%| O|  |TAMS 0x0000000083400000| PB 0x0000000083400000| Untracked |  0
|  23|0x0000000083500000, 0x0000000083600000, 0x0000000083600000|100%| O|  |TAMS 0x0000000083500000| PB 0x0000000083500000| Untracked |  0
|  24|0x0000000083600000, 0x0000000083700000, 0x0000000083700000|100%| O|  |TAMS 0x0000000083600000| PB 0x0000000083600000| Untracked |  0
|  25|0x0000000083700000, 0x0000000083800000, 0x0000000083800000|100%| O|  |TAMS 0x0000000083700000| PB 0x0000000083700000| Untracked |  0
|  26|0x0000000083800000, 0x0000000083900000, 0x0000000083900000|100%| O|  |TAMS 0x0000000083800000| PB 0x0000000083800000| Untracked |  0
|  27|0x0000000083900000, 0x0000000083a00000, 0x0000000083a00000|100%| O|  |TAMS 0x0000000083900000| PB 0x0000000083900000| Untracked |  0
|  28|0x0000000083a00000, 0x0000000083a00000, 0x0000000083b00000|  0%| F|  |TAMS 0x0000000083a00000| PB 0x0000000083a00000| Untracked |  0
|  29|0x0000000083b00000, 0x0000000083b00000, 0x0000000083c00000|  0%| F|  |TAMS 0x0000000083b00000| PB 0x0000000083b00000| Untracked |  0
|  30|0x0000000083c00000, 0x0000000083d00000, 0x0000000083d00000|100%| S|CS|TAMS 0x0000000083c00000| PB 0x0000000083c00000| Complete |  0
|  31|0x0000000083d00000, 0x0000000083e00000, 0x0000000083e00000|100%| S|CS|TAMS 0x0000000083d00000| PB 0x0000000083d00000| Complete |  0
|  32|0x0000000083e00000, 0x0000000083eb1ee0, 0x0000000083f00000| 69%| O|  |TAMS 0x0000000083e00000| PB 0x0000000083e00000| Untracked |  0
|  33|0x0000000083f00000, 0x0000000084000000, 0x0000000084000000|100%| S|CS|TAMS 0x0000000083f00000| PB 0x0000000083f00000| Complete |  0
|  34|0x0000000084000000, 0x0000000084000000, 0x0000000084100000|  0%| F|  |TAMS 0x0000000084000000| PB 0x0000000084000000| Untracked |  0
|  35|0x0000000084100000, 0x0000000084100000, 0x0000000084200000|  0%| F|  |TAMS 0x0000000084100000| PB 0x0000000084100000| Untracked |  0
|  36|0x0000000084200000, 0x0000000084200000, 0x0000000084300000|  0%| F|  |TAMS 0x0000000084200000| PB 0x0000000084200000| Untracked |  0
|  37|0x0000000084300000, 0x0000000084400000, 0x0000000084400000|100%| S|CS|TAMS 0x0000000084300000| PB 0x0000000084300000| Complete |  0
|  38|0x0000000084400000, 0x0000000084400000, 0x0000000084500000|  0%| F|  |TAMS 0x0000000084400000| PB 0x0000000084400000| Untracked |  0
|  39|0x0000000084500000, 0x0000000084500000, 0x0000000084600000|  0%| F|  |TAMS 0x0000000084500000| PB 0x0000000084500000| Untracked |  0
|  40|0x0000000084600000, 0x0000000084600000, 0x0000000084700000|  0%| F|  |TAMS 0x0000000084600000| PB 0x0000000084600000| Untracked |  0
|  41|0x0000000084700000, 0x0000000084700000, 0x0000000084800000|  0%| F|  |TAMS 0x0000000084700000| PB 0x0000000084700000| Untracked |  0
|  42|0x0000000084800000, 0x0000000084800000, 0x0000000084900000|  0%| F|  |TAMS 0x0000000084800000| PB 0x0000000084800000| Untracked |  0
|  43|0x0000000084900000, 0x0000000084900000, 0x0000000084a00000|  0%| F|  |TAMS 0x0000000084900000| PB 0x0000000084900000| Untracked |  0
|  44|0x0000000084a00000, 0x0000000084a00000, 0x0000000084b00000|  0%| F|  |TAMS 0x0000000084a00000| PB 0x0000000084a00000| Untracked |  0
|  45|0x0000000084b00000, 0x0000000084b00000, 0x0000000084c00000|  0%| F|  |TAMS 0x0000000084b00000| PB 0x0000000084b00000| Untracked |  0
|  46|0x0000000084c00000, 0x0000000084c00000, 0x0000000084d00000|  0%| F|  |TAMS 0x0000000084c00000| PB 0x0000000084c00000| Untracked |  0
|  47|0x0000000084d00000, 0x0000000084d00000, 0x0000000084e00000|  0%| F|  |TAMS 0x0000000084d00000| PB 0x0000000084d00000| Untracked |  0
|  48|0x0000000084e00000, 0x0000000084e56f20, 0x0000000084f00000| 33%| E|  |TAMS 0x0000000084e00000| PB 0x0000000084e00000| Complete |  0
|  49|0x0000000084f00000, 0x0000000085000000, 0x0000000085000000|100%| E|CS|TAMS 0x0000000084f00000| PB 0x0000000084f00000| Complete |  0
|  50|0x0000000085000000, 0x0000000085100000, 0x0000000085100000|100%| E|CS|TAMS 0x0000000085000000| PB 0x0000000085000000| Complete |  0
|  51|0x0000000085100000, 0x0000000085200000, 0x0000000085200000|100%| E|CS|TAMS 0x0000000085100000| PB 0x0000000085100000| Complete |  0
|  52|0x0000000085200000, 0x0000000085300000, 0x0000000085300000|100%| E|CS|TAMS 0x0000000085200000| PB 0x0000000085200000| Complete |  1
|  53|0x0000000085300000, 0x0000000085400000, 0x0000000085400000|100%| E|  |TAMS 0x0000000085300000| PB 0x0000000085300000| Complete |  0
|  54|0x0000000085400000, 0x0000000085500000, 0x0000000085500000|100%| E|CS|TAMS 0x0000000085400000| PB 0x0000000085400000| Complete |  0
|  87|0x0000000087500000, 0x0000000087600000, 0x0000000087600000|100%| E|CS|TAMS 0x0000000087500000| PB 0x0000000087500000| Complete |  0
|  88|0x0000000087600000, 0x0000000087700000, 0x0000000087700000|100%| E|CS|TAMS 0x0000000087600000| PB 0x0000000087600000| Complete |  0
|  89|0x0000000087700000, 0x0000000087800000, 0x0000000087800000|100%| E|CS|TAMS 0x0000000087700000| PB 0x0000000087700000| Complete |  0
|  90|0x0000000087800000, 0x0000000087900000, 0x0000000087900000|100%| E|CS|TAMS 0x0000000087800000| PB 0x0000000087800000| Complete |  0
| 127|0x0000000089d00000, 0x0000000089e00000, 0x0000000089e00000|100%| E|CS|TAMS 0x0000000089d00000| PB 0x0000000089d00000| Complete |  0
|2016|0x00000000ffe00000, 0x00000000fff00000, 0x00000000fff00000|100%| O|  |TAMS 0x00000000ffe00000| PB 0x00000000ffe00000| Untracked |  0
|2017|0x00000000fff00000, 0x0000000100000000, 0x0000000100000000|100%| E|CS|TAMS 0x00000000fff00000| PB 0x00000000fff00000| Complete |  0

Card table byte_map: [0x000001b9fcf10000,0x000001b9fd310000] _byte_map_base: 0x000001b9fcb01000

Marking Bits: (CMBitMap*) 0x000001b9fc65fcf0
 Bits: [0x000001b9fd310000, 0x000001b9ff298000)

Polling page: 0x000001b9fbdc0000

Metaspace:

Usage:
  Non-class:     64.72 MB used.
      Class:      7.87 MB used.
       Both:     72.59 MB used.

Virtual space:
  Non-class space:      128.00 MB reserved,      65.06 MB ( 51%) committed,  2 nodes.
      Class space:        1.00 GB reserved,       8.12 MB ( <1%) committed,  1 nodes.
             Both:        1.12 GB reserved,      73.19 MB (  6%) committed. 

Chunk freelists:
   Non-Class:  14.55 MB
       Class:  7.72 MB
        Both:  22.27 MB

MaxMetaspaceSize: unlimited
CompressedClassSpaceSize: 1.00 GB
Initial GC threshold: 21.00 MB
Current GC threshold: 119.31 MB
CDS: on
 - commit_granule_bytes: 65536.
 - commit_granule_words: 8192.
 - virtual_space_node_default_size: 8388608.
 - enlarge_chunks_in_place: 1.
UseCompressedClassPointers 1, UseCompactObjectHeaders 0
Narrow klass pointer bits 32, Max shift 3
Narrow klass base: 0x000001b99a000000, Narrow klass shift: 0
Encoding Range: [0x000001b99a000000 - 0x000001ba9a000000), (4294967296 bytes)
Klass Range:    [0x000001b99a000000 - 0x000001b9db000000), (1090519040 bytes)
Klass ID Range:  [8 - 1090519033) (1090519025)


Internal statistics:

num_allocs_failed_limit: 12.
num_arena_births: 716.
num_arena_deaths: 0.
num_vsnodes_births: 3.
num_vsnodes_deaths: 0.
num_space_committed: 1170.
num_space_uncommitted: 0.
num_chunks_returned_to_freelist: 12.
num_chunks_taken_from_freelist: 3261.
num_chunk_merges: 9.
num_chunk_splits: 2366.
num_chunks_enlarged: 1941.
num_inconsistent_stats: 0.

CodeHeap 'non-profiled nmethods': size=120064Kb used=3231Kb max_used=3404Kb free=116832Kb
 bounds [0x000001b9902a0000, 0x000001b990600000, 0x000001b9977e0000]
CodeHeap 'profiled nmethods': size=120000Kb used=9603Kb max_used=10063Kb free=110396Kb
 bounds [0x000001b9887e0000, 0x000001b9891c0000, 0x000001b98fd10000]
CodeHeap 'non-nmethods': size=5696Kb used=1603Kb max_used=1656Kb free=4092Kb
 bounds [0x000001b98fd10000, 0x000001b98ff80000, 0x000001b9902a0000]
CodeCache: size=245760Kb, used=14437Kb, max_used=15123Kb, free=231320Kb
 total_blobs=6535, nmethods=5782, adapters=657, full_count=0
Compilation: enabled, stopped_count=0, restarted_count=0

Compilation events (20 events):
Event: 168.334 Thread 0x000001b9ffdab320 nmethod 6827 0x000001b988b72a88 code [0x000001b988b72ba0, 0x000001b988b72d00]
Event: 168.334 Thread 0x000001b9ffdab320 6828       3       java.util.concurrent.locks.AbstractQueuedSynchronizer::casTail (13 bytes)
Event: 168.335 Thread 0x000001b9ffdab320 nmethod 6828 0x000001b988b84d88 code [0x000001b988b84ea0, 0x000001b988b85008]
Event: 168.335 Thread 0x000001b9ffdab320 6826       3       java.util.concurrent.locks.AbstractQueuedSynchronizer$ConditionObject::doSignal (62 bytes)
Event: 168.336 Thread 0x000001b9ffdab320 nmethod 6826 0x000001b9890b4e88 code [0x000001b9890b4fe0, 0x000001b9890b54a0]
Event: 169.022 Thread 0x000001b9ffdab320 6829       3       org.apache.catalina.webresources.Cache$$Lambda/0x000001b99b8021f0::applyAsLong (8 bytes)
Event: 169.023 Thread 0x000001b9ffdab320 nmethod 6829 0x000001b988fdf408 code [0x000001b988fdf520, 0x000001b988fdf738]
Event: 178.904 Thread 0x000001b9ffdab320 6830       3       jdk.internal.misc.Blocker::end (16 bytes)
Event: 178.906 Thread 0x000001b9ffdab320 nmethod 6830 0x000001b988869388 code [0x000001b9888694c0, 0x000001b988869800]
Event: 180.333 Thread 0x000001b9ffdab320 6831       3       java.util.concurrent.ScheduledThreadPoolExecutor$DelayedWorkQueue::add (9 bytes)
Event: 180.333 Thread 0x000001b9ffdab320 nmethod 6831 0x000001b98887ff08 code [0x000001b988880040, 0x000001b9888802f8]
Event: 180.333 Thread 0x000001b9ffdab320 6832       3       java.util.concurrent.ScheduledThreadPoolExecutor$DelayedWorkQueue::add (6 bytes)
Event: 180.333 Thread 0x000001b9ffdab320 nmethod 6832 0x000001b988869088 code [0x000001b9888691a0, 0x000001b9888692f8]
Event: 182.339 Thread 0x000001b9ffdab320 6833       3       java.util.concurrent.locks.ReentrantLock::lockInterruptibly (8 bytes)
Event: 182.340 Thread 0x000001b9ffdab320 nmethod 6833 0x000001b988e07c08 code [0x000001b988e07d80, 0x000001b988e08410]
Event: 182.340 Thread 0x000001b9ffdab320 6834       3       java.util.concurrent.locks.ReentrantLock$Sync::lockInterruptibly (27 bytes)
Event: 182.341 Thread 0x000001b9ffdab320 nmethod 6834 0x000001b9888d4888 code [0x000001b9888d4a00, 0x000001b9888d4fa0]
Event: 183.148 Thread 0x000001b9ffda8b80 6835       4       org.springframework.boot.devtools.filewatch.FileSnapshot::equals (110 bytes)
Event: 183.344 Thread 0x000001b9ffdab320 6836       3       java.util.concurrent.ScheduledThreadPoolExecutor$DelayedWorkQueue::siftUp (64 bytes)
Event: 183.346 Thread 0x000001b9ffdab320 nmethod 6836 0x000001b988b22b08 code [0x000001b988b22ca0, 0x000001b988b23850]

GC Heap History (20 events):
Event: 2.322 GC heap before
{Heap before GC invocations=1 (full 0):
 garbage-first heap   total reserved 2066432K, committed 133120K, used 46438K [0x0000000081e00000, 0x0000000100000000)
  region size 1024K, 43 young (44032K), 6 survivors (6144K)
 Metaspace       used 21243K, committed 21504K, reserved 1114112K
  class space    used 2156K, committed 2240K, reserved 1048576K
}
Event: 2.332 GC heap after
{Heap after GC invocations=2 (full 0):
 garbage-first heap   total reserved 2066432K, committed 133120K, used 14231K [0x0000000081e00000, 0x0000000100000000)
  region size 1024K, 4 young (4096K), 4 survivors (4096K)
 Metaspace       used 21243K, committed 21504K, reserved 1114112K
  class space    used 2156K, committed 2240K, reserved 1048576K
}
Event: 3.953 GC heap before
{Heap before GC invocations=3 (full 0):
 garbage-first heap   total reserved 2066432K, committed 55296K, used 53143K [0x0000000081e00000, 0x0000000100000000)
  region size 1024K, 42 young (43008K), 4 survivors (4096K)
 Metaspace       used 26850K, committed 27136K, reserved 1114112K
  class space    used 2760K, committed 2880K, reserved 1048576K
}
Event: 3.960 GC heap after
{Heap after GC invocations=4 (full 0):
 garbage-first heap   total reserved 2066432K, committed 63488K, used 18130K [0x0000000081e00000, 0x0000000100000000)
  region size 1024K, 8 young (8192K), 8 survivors (8192K)
 Metaspace       used 26850K, committed 27136K, reserved 1114112K
  class space    used 2760K, committed 2880K, reserved 1048576K
}
Event: 4.692 GC heap before
{Heap before GC invocations=4 (full 0):
 garbage-first heap   total reserved 2066432K, committed 63488K, used 44754K [0x0000000081e00000, 0x0000000100000000)
  region size 1024K, 34 young (34816K), 8 survivors (8192K)
 Metaspace       used 31501K, committed 31936K, reserved 1114112K
  class space    used 3314K, committed 3520K, reserved 1048576K
}
Event: 4.700 GC heap after
{Heap after GC invocations=5 (full 0):
 garbage-first heap   total reserved 2066432K, committed 63488K, used 20436K [0x0000000081e00000, 0x0000000100000000)
  region size 1024K, 3 young (3072K), 3 survivors (3072K)
 Metaspace       used 31501K, committed 31936K, reserved 1114112K
  class space    used 3314K, committed 3520K, reserved 1048576K
}
Event: 5.411 GC heap before
{Heap before GC invocations=5 (full 0):
 garbage-first heap   total reserved 2066432K, committed 63488K, used 40916K [0x0000000081e00000, 0x0000000100000000)
  region size 1024K, 25 young (25600K), 3 survivors (3072K)
 Metaspace       used 35551K, committed 35968K, reserved 1114112K
  class space    used 3733K, committed 3904K, reserved 1048576K
}
Event: 5.417 GC heap after
{Heap after GC invocations=6 (full 0):
 garbage-first heap   total reserved 2066432K, committed 63488K, used 22070K [0x0000000081e00000, 0x0000000100000000)
  region size 1024K, 2 young (2048K), 2 survivors (2048K)
 Metaspace       used 35551K, committed 35968K, reserved 1114112K
  class space    used 3733K, committed 3904K, reserved 1048576K
}
Event: 6.387 GC heap before
{Heap before GC invocations=7 (full 0):
 garbage-first heap   total reserved 2066432K, committed 63488K, used 48694K [0x0000000081e00000, 0x0000000100000000)
  region size 1024K, 29 young (29696K), 2 survivors (2048K)
 Metaspace       used 45939K, committed 46400K, reserved 1114112K
  class space    used 4828K, committed 5056K, reserved 1048576K
}
Event: 6.391 GC heap after
{Heap after GC invocations=8 (full 0):
 garbage-first heap   total reserved 2066432K, committed 63488K, used 24705K [0x0000000081e00000, 0x0000000100000000)
  region size 1024K, 4 young (4096K), 4 survivors (4096K)
 Metaspace       used 45939K, committed 46400K, reserved 1114112K
  class space    used 4828K, committed 5056K, reserved 1048576K
}
Event: 7.114 GC heap before
{Heap before GC invocations=8 (full 0):
 garbage-first heap   total reserved 2066432K, committed 63488K, used 49281K [0x0000000081e00000, 0x0000000100000000)
  region size 1024K, 29 young (29696K), 4 survivors (4096K)
 Metaspace       used 52495K, committed 52928K, reserved 1114112K
  class space    used 5425K, committed 5632K, reserved 1048576K
}
Event: 7.120 GC heap after
{Heap after GC invocations=9 (full 0):
 garbage-first heap   total reserved 2066432K, committed 63488K, used 26563K [0x0000000081e00000, 0x0000000100000000)
  region size 1024K, 2 young (2048K), 2 survivors (2048K)
 Metaspace       used 52495K, committed 52928K, reserved 1114112K
  class space    used 5425K, committed 5632K, reserved 1048576K
}
Event: 7.745 GC heap before
{Heap before GC invocations=9 (full 0):
 garbage-first heap   total reserved 2066432K, committed 63488K, used 48067K [0x0000000081e00000, 0x0000000100000000)
  region size 1024K, 25 young (25600K), 2 survivors (2048K)
 Metaspace       used 59877K, committed 60288K, reserved 1114112K
  class space    used 6333K, committed 6528K, reserved 1048576K
}
Event: 7.749 GC heap after
{Heap after GC invocations=10 (full 0):
 garbage-first heap   total reserved 2066432K, committed 63488K, used 27526K [0x0000000081e00000, 0x0000000100000000)
  region size 1024K, 3 young (3072K), 3 survivors (3072K)
 Metaspace       used 59877K, committed 60288K, reserved 1114112K
  class space    used 6333K, committed 6528K, reserved 1048576K
}
Event: 8.602 GC heap before
{Heap before GC invocations=11 (full 0):
 garbage-first heap   total reserved 2066432K, committed 63488K, used 53126K [0x0000000081e00000, 0x0000000100000000)
  region size 1024K, 29 young (29696K), 3 survivors (3072K)
 Metaspace       used 64281K, committed 64768K, reserved 1114112K
  class space    used 6833K, committed 7040K, reserved 1048576K
}
Event: 8.609 GC heap after
{Heap after GC invocations=12 (full 0):
 garbage-first heap   total reserved 2066432K, committed 63488K, used 29766K [0x0000000081e00000, 0x0000000100000000)
  region size 1024K, 4 young (4096K), 4 survivors (4096K)
 Metaspace       used 64281K, committed 64768K, reserved 1114112K
  class space    used 6833K, committed 7040K, reserved 1048576K
}
Event: 9.490 GC heap before
{Heap before GC invocations=12 (full 0):
 garbage-first heap   total reserved 2066432K, committed 63488K, used 53318K [0x0000000081e00000, 0x0000000100000000)
  region size 1024K, 28 young (28672K), 4 survivors (4096K)
 Metaspace       used 68644K, committed 69184K, reserved 1114112K
  class space    used 7337K, committed 7552K, reserved 1048576K
}
Event: 9.497 GC heap after
{Heap after GC invocations=13 (full 0):
 garbage-first heap   total reserved 2066432K, committed 63488K, used 31502K [0x0000000081e00000, 0x0000000100000000)
  region size 1024K, 3 young (3072K), 3 survivors (3072K)
 Metaspace       used 68644K, committed 69184K, reserved 1114112K
  class space    used 7337K, committed 7552K, reserved 1048576K
}
Event: 19.118 GC heap before
{Heap before GC invocations=13 (full 0):
 garbage-first heap   total reserved 2066432K, committed 63488K, used 54030K [0x0000000081e00000, 0x0000000100000000)
  region size 1024K, 26 young (26624K), 3 survivors (3072K)
 Metaspace       used 72384K, committed 72960K, reserved 1114112K
  class space    used 7832K, committed 8064K, reserved 1048576K
}
Event: 19.125 GC heap after
{Heap after GC invocations=14 (full 0):
 garbage-first heap   total reserved 2066432K, committed 63488K, used 33479K [0x0000000081e00000, 0x0000000100000000)
  region size 1024K, 4 young (4096K), 4 survivors (4096K)
 Metaspace       used 72384K, committed 72960K, reserved 1114112K
  class space    used 7832K, committed 8064K, reserved 1048576K
}

Dll operation events (12 events):
Event: 0.016 Loaded shared library C:\Users\user\.jdks\openjdk-24.0.1\bin\java.dll
Event: 0.095 Loaded shared library C:\Users\user\.jdks\openjdk-24.0.1\bin\jsvml.dll
Event: 0.256 Loaded shared library C:\Users\user\.jdks\openjdk-24.0.1\bin\zip.dll
Event: 0.261 Loaded shared library C:\Users\user\.jdks\openjdk-24.0.1\bin\instrument.dll
Event: 0.268 Loaded shared library C:\Users\user\.jdks\openjdk-24.0.1\bin\net.dll
Event: 0.271 Loaded shared library C:\Users\user\.jdks\openjdk-24.0.1\bin\nio.dll
Event: 0.276 Loaded shared library C:\Users\user\.jdks\openjdk-24.0.1\bin\zip.dll
Event: 0.422 Loaded shared library C:\Users\user\.jdks\openjdk-24.0.1\bin\extnet.dll
Event: 0.464 Loaded shared library C:\Users\user\.jdks\openjdk-24.0.1\bin\jimage.dll
Event: 0.785 Loaded shared library C:\Users\user\.jdks\openjdk-24.0.1\bin\management.dll
Event: 0.788 Loaded shared library C:\Users\user\.jdks\openjdk-24.0.1\bin\management_ext.dll
Event: 2.560 Loaded shared library C:\Users\user\.jdks\openjdk-24.0.1\bin\sunmscapi.dll

Deoptimization events (20 events):
Event: 19.982 Thread 0x000001b9e0c608a0 DEOPT PACKING pc=0x000001b990346664 sp=0x00000074784f3830
Event: 19.982 Thread 0x000001b9e0c608a0 DEOPT UNPACKING pc=0x000001b98fe26382 sp=0x00000074784f3730 mode 2
Event: 19.988 Thread 0x000001b9e0c608a0 Uncommon trap: trap_request=0xffffff4d fr.pc=0x000001b9902e868c relative=0x00000000000001cc
Event: 19.988 Thread 0x000001b9e0c608a0 Uncommon trap: reason=unstable_if action=reinterpret pc=0x000001b9902e868c method=java.util.HashMap.getNode(Ljava/lang/Object;)Ljava/util/HashMap$Node; @ 66 c2
Event: 19.988 Thread 0x000001b9e0c608a0 DEOPT PACKING pc=0x000001b9902e868c sp=0x00000074784f3800
Event: 19.988 Thread 0x000001b9e0c608a0 DEOPT UNPACKING pc=0x000001b98fe26382 sp=0x00000074784f3770 mode 2
Event: 20.018 Thread 0x000001b9e0c608a0 DEOPT PACKING pc=0x000001b9888b9005 sp=0x00000074784f37c0
Event: 20.018 Thread 0x000001b9e0c608a0 DEOPT UNPACKING pc=0x000001b98fd65722 sp=0x00000074784f2d40 mode 0
Event: 20.165 Thread 0x000001b9e034c9f0 Uncommon trap: trap_request=0xffffff4d fr.pc=0x000001b990355550 relative=0x00000000000001b0
Event: 20.165 Thread 0x000001b9e034c9f0 Uncommon trap: reason=unstable_if action=reinterpret pc=0x000001b990355550 method=java.lang.StringLatin1.indexOf([B[B)I @ 9 c2
Event: 20.165 Thread 0x000001b9e034c9f0 DEOPT PACKING pc=0x000001b990355550 sp=0x00000074773febe0
Event: 20.165 Thread 0x000001b9e034c9f0 DEOPT UNPACKING pc=0x000001b98fe26382 sp=0x00000074773feb60 mode 2
Event: 20.429 Thread 0x000001b9e0c608a0 Uncommon trap: trap_request=0xffffff4d fr.pc=0x000001b99037a864 relative=0x0000000000000064
Event: 20.429 Thread 0x000001b9e0c608a0 Uncommon trap: reason=unstable_if action=reinterpret pc=0x000001b99037a864 method=java.lang.StringConcatHelper.stringOf(Ljava/lang/Object;)Ljava/lang/String; @ 1 c2
Event: 20.429 Thread 0x000001b9e0c608a0 DEOPT PACKING pc=0x000001b99037a864 sp=0x00000074784fb060
Event: 20.429 Thread 0x000001b9e0c608a0 DEOPT UNPACKING pc=0x000001b98fe26382 sp=0x00000074784faff8 mode 2
Event: 20.437 Thread 0x000001b9e0c608a0 Uncommon trap: trap_request=0xffffff66 fr.pc=0x000001b990429354 relative=0x00000000000004f4
Event: 20.437 Thread 0x000001b9e0c608a0 Uncommon trap: reason=speculate_class_check action=maybe_recompile pc=0x000001b990429354 method=java.lang.String.<init>(Ljava/lang/AbstractStringBuilder;Ljava/lang/Void;)V @ 10 c2
Event: 20.437 Thread 0x000001b9e0c608a0 DEOPT PACKING pc=0x000001b990429354 sp=0x00000074784fece0
Event: 20.437 Thread 0x000001b9e0c608a0 DEOPT UNPACKING pc=0x000001b98fe26382 sp=0x00000074784fecb0 mode 2

Classes loaded (20 events):
Event: 19.102 Loading class java/time/format/DateTimeFormatterBuilder$ZoneTextPrinterParser
Event: 19.103 Loading class java/time/format/DateTimeFormatterBuilder$ZoneTextPrinterParser done
Event: 19.103 Loading class java/time/format/DateTimeFormatterBuilder$ReducedPrinterParser
Event: 19.103 Loading class java/time/format/DateTimeFormatterBuilder$ReducedPrinterParser done
Event: 19.109 Loading class java/io/PushbackInputStream
Event: 19.109 Loading class java/io/PushbackInputStream done
Event: 19.132 Loading class org/w3c/dom/Node
Event: 19.133 Loading class org/w3c/dom/Node done
Event: 19.134 Loading class org/w3c/dom/Document
Event: 19.134 Loading class org/w3c/dom/Document done
Event: 20.660 Loading class java/util/stream/ReferencePipeline$4
Event: 20.661 Loading class java/util/stream/ReferencePipeline$4 done
Event: 20.661 Loading class java/util/function/IntBinaryOperator
Event: 20.661 Loading class java/util/function/IntBinaryOperator done
Event: 20.661 Loading class java/util/stream/ReduceOps$7
Event: 20.662 Loading class java/util/stream/ReduceOps$7 done
Event: 20.662 Loading class java/util/stream/ReduceOps$6ReducingSink
Event: 20.662 Loading class java/util/stream/ReduceOps$6ReducingSink done
Event: 20.662 Loading class java/util/stream/ReferencePipeline$4$1
Event: 20.662 Loading class java/util/stream/ReferencePipeline$4$1 done

Classes unloaded (0 events):
No events

Classes redefined (0 events):
No events

Internal exceptions (20 events):
Event: 8.901 Thread 0x000001b9df7efc80 Exception <a 'java/lang/NoSuchMethodError'{0x0000000085158828}: 'java.lang.Object java.lang.invoke.DirectMethodHandle$Holder.invokeStatic(java.lang.Object, int, java.lang.Object)'> (0x0000000085158828) 
thrown [s\open\src\hotspot\share\interpreter\linkResolver.cpp, line 805]
Event: 8.971 Thread 0x000001b9df7efc80 Exception <a 'java/lang/NoSuchMethodError'{0x0000000084fc37b0}: 'long java.lang.invoke.DirectMethodHandle$Holder.invokeVirtual(java.lang.Object, java.lang.Object)'> (0x0000000084fc37b0) 
thrown [s\open\src\hotspot\share\interpreter\linkResolver.cpp, line 805]
Event: 8.978 Thread 0x000001b9df7efc80 Exception <a 'java/io/FileNotFoundException'{0x0000000084ff4390}> (0x0000000084ff4390) 
thrown [s\open\src\hotspot\share\prims\jni.cpp, line 518]
Event: 9.007 Thread 0x000001b9df7efc80 Exception <a 'java/lang/NoSuchMethodError'{0x0000000084d516e8}: 'void java.lang.invoke.DirectMethodHandle$Holder.invokeVirtual(java.lang.Object, java.lang.Object, long)'> (0x0000000084d516e8) 
thrown [s\open\src\hotspot\share\interpreter\linkResolver.cpp, line 805]
Event: 9.232 Thread 0x000001b9df7efc80 Exception <a 'java/io/IOException'{0x0000000084930db0}> (0x0000000084930db0) 
thrown [s\open\src\hotspot\share\prims\jni.cpp, line 518]
Event: 9.376 Thread 0x000001b9df7efc80 Exception <a 'java/lang/IncompatibleClassChangeError'{0x00000000846e3720}: Found class java.lang.Object, but interface was expected> (0x00000000846e3720) 
thrown [s\open\src\hotspot\share\interpreter\linkResolver.cpp, line 872]
Event: 9.801 Thread 0x000001b9df7efc80 Exception <a 'java/lang/NoSuchMethodError'{0x00000000875f5a08}: 'java.lang.Object java.lang.invoke.DirectMethodHandle$Holder.invokeInterface(java.lang.Object, java.lang.Object, java.lang.Object, java.lang.Object)'> (0x00000000875f5a08) 
thrown [s\open\src\hotspot\share\interpreter\linkResolver.cpp, line 805]
Event: 9.900 Thread 0x000001b9df7efc80 Exception <a 'java/lang/NoSuchMethodError'{0x0000000085236bb0}: 'int java.lang.invoke.DirectMethodHandle$Holder.invokeStaticInit(java.lang.Object, java.lang.Object, java.lang.Object, java.lang.Object)'> (0x0000000085236bb0) 
thrown [s\open\src\hotspot\share\interpreter\linkResolver.cpp, line 805]
Event: 9.910 Thread 0x000001b9df7efc80 Implicit null exception at 0x000001b99044a223 to 0x000001b99044a6e5
Event: 9.989 Thread 0x000001b9df7efc80 Exception <a 'java/lang/IncompatibleClassChangeError'{0x000000008518a678}: Found class java.lang.Object, but interface was expected> (0x000000008518a678) 
thrown [s\open\src\hotspot\share\interpreter\linkResolver.cpp, line 872]
Event: 10.013 Thread 0x000001b9df7efc80 Implicit null exception at 0x000001b9903e25a4 to 0x000001b9903e26a4
Event: 10.192 Thread 0x000001b9df7efc80 Exception <a 'java/lang/NoSuchMethodError'{0x0000000084ccd138}: 'java.lang.Object java.lang.invoke.DirectMethodHandle$Holder.newInvokeSpecial(java.lang.Object, java.lang.Object, int, java.lang.Object, java.lang.Object)'> (0x0000000084ccd138) 
thrown [s\open\src\hotspot\share\interpreter\linkResolver.cpp, line 805]
Event: 18.773 Thread 0x000001b9e38052e0 Exception <a 'java/lang/NoSuchMethodError'{0x0000000084accb28}: 'java.lang.Object java.lang.invoke.DirectMethodHandle$Holder.invokeStatic(java.lang.Object, java.lang.Object, java.lang.Object, int, int)'> (0x0000000084accb28) 
thrown [s\open\src\hotspot\share\interpreter\linkResolver.cpp, line 805]
Event: 18.773 Thread 0x000001b9e38052e0 Exception <a 'java/lang/NoSuchMethodError'{0x00000000848ae408}: 'java.lang.Object java.lang.invoke.DirectMethodHandle$Holder.invokeStaticInit(java.lang.Object, java.lang.Object, java.lang.Object, int, int)'> (0x00000000848ae408) 
thrown [s\open\src\hotspot\share\interpreter\linkResolver.cpp, line 805]
Event: 18.817 Thread 0x000001b9e0c608a0 Exception <a 'java/lang/NoSuchMethodError'{0x00000000847983b8}: 'java.lang.Object java.lang.invoke.DirectMethodHandle$Holder.invokeSpecial(java.lang.Object, java.lang.Object, java.lang.Object, java.lang.Object, java.lang.Object, long)'> (0x00000000847983b8) 
thrown [s\open\src\hotspot\share\interpreter\linkResolver.cpp, line 805]
Event: 18.817 Thread 0x000001b9e0c608a0 Exception <a 'java/lang/NoSuchMethodError'{0x00000000847a1010}: 'java.lang.Object java.lang.invoke.DirectMethodHandle$Holder.invokeSpecial(java.lang.Object, java.lang.Object, java.lang.Object, java.lang.Object, java.lang.Object, java.lang.Object, long)'> (0x00000000847a1010) 
thrown [s\open\src\hotspot\share\interpreter\linkResolver.cpp, line 805]
Event: 18.817 Thread 0x000001b9e0c608a0 Exception <a 'java/lang/NoSuchMethodError'{0x00000000847a9388}: 'java.lang.Object java.lang.invoke.DelegatingMethodHandle$Holder.reinvoke_L(java.lang.Object, java.lang.Object, java.lang.Object, java.lang.Object, java.lang.Object, long)'> (0x00000000847a9388) 
thrown [s\open\src\hotspot\share\interpreter\linkResolver.cpp, line 805]
Event: 18.818 Thread 0x000001b9e0c608a0 Exception <a 'java/lang/NoSuchMethodError'{0x00000000847b9748}: 'java.lang.Object java.lang.invoke.Invokers$Holder.linkToTargetMethod(java.lang.Object, java.lang.Object, java.lang.Object, long, java.lang.Object)'> (0x00000000847b9748) 
thrown [s\open\src\hotspot\share\interpreter\linkResolver.cpp, line 805]
Event: 19.407 Thread 0x000001b9e0c608a0 Exception <a 'java/lang/NoSuchMethodError'{0x000000008769b718}: 'int java.lang.invoke.DirectMethodHandle$Holder.invokeStatic(java.lang.Object, java.lang.Object, int, int)'> (0x000000008769b718) 
thrown [s\open\src\hotspot\share\interpreter\linkResolver.cpp, line 805]
Event: 20.429 Thread 0x000001b9e0c608a0 Implicit null exception at 0x000001b99037a81a to 0x000001b99037a854

VM Operations (20 events):
Event: 9.490 Executing VM operation: G1CollectForAllocation (G1 Evacuation Pause)
Event: 9.497 Executing VM operation: G1CollectForAllocation (G1 Evacuation Pause) done
Event: 10.190 Executing VM operation: HandshakeAllThreads (Deoptimize)
Event: 10.190 Executing VM operation: HandshakeAllThreads (Deoptimize) done
Event: 18.843 Executing VM operation: HandshakeAllThreads (Deoptimize)
Event: 18.843 Executing VM operation: HandshakeAllThreads (Deoptimize) done
Event: 19.118 Executing VM operation: G1CollectForAllocation (G1 Evacuation Pause)
Event: 19.125 Executing VM operation: G1CollectForAllocation (G1 Evacuation Pause) done
Event: 19.160 Executing VM operation: HandshakeAllThreads (Deoptimize)
Event: 19.160 Executing VM operation: HandshakeAllThreads (Deoptimize) done
Event: 19.162 Executing VM operation: G1PauseRemark
Event: 19.167 Executing VM operation: G1PauseRemark done
Event: 19.183 Executing VM operation: G1PauseCleanup
Event: 19.184 Executing VM operation: G1PauseCleanup done
Event: 19.375 Executing VM operation: HandshakeAllThreads (Deoptimize)
Event: 19.375 Executing VM operation: HandshakeAllThreads (Deoptimize) done
Event: 60.018 Executing VM operation: HandshakeAllThreads (HandshakeForDeflation)
Event: 60.018 Executing VM operation: HandshakeAllThreads (HandshakeForDeflation) done
Event: 60.018 Executing VM operation: RendezvousGCThreads
Event: 60.018 Executing VM operation: RendezvousGCThreads done

Memory protections (0 events):
No events

Nmethod flushes (20 events):
Event: 19.166 Thread 0x000001b9ffd5f2c0 flushing  nmethod 0x000001b988911d88
Event: 19.166 Thread 0x000001b9ffd5f2c0 flushing  nmethod 0x000001b988912a08
Event: 19.166 Thread 0x000001b9ffd5f2c0 flushing  nmethod 0x000001b988914c88
Event: 19.166 Thread 0x000001b9ffd5f2c0 flushing  nmethod 0x000001b988914f88
Event: 19.166 Thread 0x000001b9ffd5f2c0 flushing  nmethod 0x000001b988916988
Event: 19.166 Thread 0x000001b9ffd5f2c0 flushing  nmethod 0x000001b98892d788
Event: 19.166 Thread 0x000001b9ffd5f2c0 flushing  nmethod 0x000001b98892e608
Event: 19.166 Thread 0x000001b9ffd5f2c0 flushing  nmethod 0x000001b98892fb08
Event: 19.166 Thread 0x000001b9ffd5f2c0 flushing  nmethod 0x000001b988931008
Event: 19.166 Thread 0x000001b9ffd5f2c0 flushing  nmethod 0x000001b98898e488
Event: 19.166 Thread 0x000001b9ffd5f2c0 flushing  nmethod 0x000001b98898ec88
Event: 19.166 Thread 0x000001b9ffd5f2c0 flushing  nmethod 0x000001b988a8ca88
Event: 19.166 Thread 0x000001b9ffd5f2c0 flushing  nmethod 0x000001b988af3c88
Event: 19.166 Thread 0x000001b9ffd5f2c0 flushing  nmethod 0x000001b988af7e08
Event: 19.166 Thread 0x000001b9ffd5f2c0 flushing  nmethod 0x000001b988b3ae08
Event: 19.166 Thread 0x000001b9ffd5f2c0 flushing  nmethod 0x000001b988b3cb88
Event: 19.166 Thread 0x000001b9ffd5f2c0 flushing  nmethod 0x000001b988babe08
Event: 19.166 Thread 0x000001b9ffd5f2c0 flushing  nmethod 0x000001b988c60088
Event: 19.166 Thread 0x000001b9ffd5f2c0 flushing  nmethod 0x000001b988f87d08
Event: 19.166 Thread 0x000001b9ffd5f2c0 flushing  nmethod 0x000001b989027488

Events (20 events):
Event: 10.308 Thread 0x000001b9df7efc80 Thread added: 0x000001b9e0c5fa00
Event: 10.308 Thread 0x000001b9df7efc80 Thread added: 0x000001b9e0c60150
Event: 10.309 Thread 0x000001b9df7efc80 Thread added: 0x000001b9e0c61740
Event: 10.309 Thread 0x000001b9df7efc80 Thread added: 0x000001b9e0c63480
Event: 10.309 Thread 0x000001b9df7efc80 Thread added: 0x000001b9e0c60ff0
Event: 10.309 Thread 0x000001b9df7efc80 Thread added: 0x000001b9e0c625e0
Event: 10.310 Thread 0x000001b9df7efc80 Thread added: 0x000001b9e0c61e90
Event: 10.310 Thread 0x000001b9df7efc80 Thread added: 0x000001b9e034c2a0
Event: 10.310 Thread 0x000001b9df7efc80 Thread added: 0x000001b9e3802700
Event: 10.329 Thread 0x000001b9df7efc80 Thread added: 0x000001b9e3802e50
Event: 10.331 Thread 0x000001b9df7efc80 Thread added: 0x000001b9e38052e0
Event: 10.364 Thread 0x000001b9df7efc80 Thread exited: 0x000001b9df7efc80
Event: 10.369 Thread 0x000001b9df7ed730 Thread exited: 0x000001b9df7ed730
Event: 10.369 Thread 0x000001b9fa24db50 Thread exited: 0x000001b9fa24db50
Event: 10.370 Thread 0x000001b9e3804440 Thread added: 0x000001b9e3804440
Event: 10.783 Thread 0x000001b999ac1880 Thread exited: 0x000001b999ac1880
Event: 11.200 Thread 0x000001b999ac10f0 Thread exited: 0x000001b999ac10f0
Event: 12.259 Thread 0x000001b9e0c5dcc0 Thread exited: 0x000001b9e0c5dcc0
Event: 19.179 Thread 0x000001b9ffda8b80 Thread added: 0x000001b999ac10f0
Event: 20.407 Thread 0x000001b999ac10f0 Thread exited: 0x000001b999ac10f0


Dynamic libraries:
0x00007ff6541d0000 - 0x00007ff6541de000 	C:\Users\user\.jdks\openjdk-24.0.1\bin\java.exe
0x00007ffd5b560000 - 0x00007ffd5b7c8000 	C:\WINDOWS\SYSTEM32\ntdll.dll
0x00007ffd5ab20000 - 0x00007ffd5abe9000 	C:\WINDOWS\System32\KERNEL32.DLL
0x00007ffd58930000 - 0x00007ffd58d1d000 	C:\WINDOWS\System32\KERNELBASE.dll
0x00007ffd586b0000 - 0x00007ffd587fb000 	C:\WINDOWS\System32\ucrtbase.dll
0x00007ffd52da0000 - 0x00007ffd52dbb000 	C:\Users\user\.jdks\openjdk-24.0.1\bin\VCRUNTIME140.dll
0x00007ffd528e0000 - 0x00007ffd528f6000 	C:\Users\user\.jdks\openjdk-24.0.1\bin\jli.dll
0x00007ffd59c70000 - 0x00007ffd59e3c000 	C:\WINDOWS\System32\USER32.dll
0x00007ffd59010000 - 0x00007ffd59037000 	C:\WINDOWS\System32\win32u.dll
0x00007ffd42ef0000 - 0x00007ffd4318a000 	C:\WINDOWS\WinSxS\amd64_microsoft.windows.common-controls_6595b64144ccf1df_6.0.26100.4484_none_3e0e6d4ce32ef3b3\COMCTL32.dll
0x00007ffd5ac40000 - 0x00007ffd5ac6b000 	C:\WINDOWS\System32\GDI32.dll
0x00007ffd59ef0000 - 0x00007ffd59f99000 	C:\WINDOWS\System32\msvcrt.dll
0x00007ffd59040000 - 0x00007ffd59177000 	C:\WINDOWS\System32\gdi32full.dll
0x00007ffd58ea0000 - 0x00007ffd58f43000 	C:\WINDOWS\System32\msvcp_win.dll
0x00007ffd5abf0000 - 0x00007ffd5ac1f000 	C:\WINDOWS\System32\IMM32.DLL
0x00007ffd52a30000 - 0x00007ffd52a3c000 	C:\Users\user\.jdks\openjdk-24.0.1\bin\vcruntime140_1.dll
0x00007ffd31b00000 - 0x00007ffd31b8e000 	C:\Users\user\.jdks\openjdk-24.0.1\bin\msvcp140.dll
0x00007ffcc8b20000 - 0x00007ffcc98c2000 	C:\Users\user\.jdks\openjdk-24.0.1\bin\server\jvm.dll
0x00007ffd5b1b0000 - 0x00007ffd5b264000 	C:\WINDOWS\System32\ADVAPI32.dll
0x00007ffd5ac70000 - 0x00007ffd5ad16000 	C:\WINDOWS\System32\sechost.dll
0x00007ffd59b50000 - 0x00007ffd59c68000 	C:\WINDOWS\System32\RPCRT4.dll
0x00007ffd5a590000 - 0x00007ffd5a604000 	C:\WINDOWS\System32\WS2_32.dll
0x00007ffd57630000 - 0x00007ffd5768e000 	C:\WINDOWS\SYSTEM32\POWRPROF.dll
0x00007ffd4b4c0000 - 0x00007ffd4b4f5000 	C:\WINDOWS\SYSTEM32\WINMM.dll
0x00007ffd50c80000 - 0x00007ffd50c8b000 	C:\WINDOWS\SYSTEM32\VERSION.dll
0x00007ffd57610000 - 0x00007ffd57624000 	C:\WINDOWS\SYSTEM32\UMPDC.dll
0x00007ffd57450000 - 0x00007ffd5746b000 	C:\WINDOWS\SYSTEM32\kernel.appcore.dll
0x00007ffd528d0000 - 0x00007ffd528da000 	C:\Users\user\.jdks\openjdk-24.0.1\bin\jimage.dll
0x00007ffd4d780000 - 0x00007ffd4d9c1000 	C:\WINDOWS\SYSTEM32\DBGHELP.DLL
0x00007ffd5a610000 - 0x00007ffd5a996000 	C:\WINDOWS\System32\combase.dll
0x00007ffd59300000 - 0x00007ffd593e0000 	C:\WINDOWS\System32\OLEAUT32.dll
0x00007ffd40f00000 - 0x00007ffd40f43000 	C:\WINDOWS\SYSTEM32\dbgcore.DLL
0x00007ffd58890000 - 0x00007ffd58929000 	C:\WINDOWS\System32\bcryptPrimitives.dll
0x00007ffd509f0000 - 0x00007ffd509ff000 	C:\Users\user\.jdks\openjdk-24.0.1\bin\instrument.dll
0x00007ffd50a50000 - 0x00007ffd50a6e000 	C:\Users\user\.jdks\openjdk-24.0.1\bin\java.dll
0x00007ffd5a3d0000 - 0x00007ffd5a56e000 	C:\WINDOWS\System32\ole32.dll
0x00007ffd59400000 - 0x00007ffd59b4a000 	C:\WINDOWS\System32\SHELL32.dll
0x00007ffd58d20000 - 0x00007ffd58e94000 	C:\WINDOWS\System32\wintypes.dll
0x00007ffd56270000 - 0x00007ffd56acb000 	C:\WINDOWS\SYSTEM32\windows.storage.dll
0x00007ffd5a9a0000 - 0x00007ffd5aa95000 	C:\WINDOWS\System32\SHCORE.dll
0x00007ffd5b380000 - 0x00007ffd5b3ea000 	C:\WINDOWS\System32\shlwapi.dll
0x00007ffd585c0000 - 0x00007ffd585ef000 	C:\WINDOWS\SYSTEM32\profapi.dll
0x00007ffd2dc70000 - 0x00007ffd2dd47000 	C:\Users\user\.jdks\openjdk-24.0.1\bin\jsvml.dll
0x00007ffd4eb80000 - 0x00007ffd4eb97000 	C:\Users\user\.jdks\openjdk-24.0.1\bin\zip.dll
0x00007ffd50a40000 - 0x00007ffd50a50000 	C:\Users\user\.jdks\openjdk-24.0.1\bin\net.dll
0x00007ffd57b00000 - 0x00007ffd57b6a000 	C:\WINDOWS\system32\mswsock.dll
0x00007ffd50720000 - 0x00007ffd50736000 	C:\Users\user\.jdks\openjdk-24.0.1\bin\nio.dll
0x00007ffd4e5f0000 - 0x00007ffd4e5f9000 	C:\Users\user\.jdks\openjdk-24.0.1\bin\extnet.dll
0x00007ffd50160000 - 0x00007ffd5016a000 	C:\Users\user\.jdks\openjdk-24.0.1\bin\management.dll
0x00007ffd4fa60000 - 0x00007ffd4fa6b000 	C:\Users\user\.jdks\openjdk-24.0.1\bin\management_ext.dll
0x00007ffd5ac30000 - 0x00007ffd5ac38000 	C:\WINDOWS\System32\PSAPI.DLL
0x00007ffd4f960000 - 0x00007ffd4f96e000 	C:\Users\user\.jdks\openjdk-24.0.1\bin\sunmscapi.dll
0x00007ffd59180000 - 0x00007ffd592f7000 	C:\WINDOWS\System32\CRYPT32.dll
0x00007ffd57fd0000 - 0x00007ffd58000000 	C:\WINDOWS\SYSTEM32\ncrypt.dll
0x00007ffd57f80000 - 0x00007ffd57fbf000 	C:\WINDOWS\SYSTEM32\NTASN1.dll
0x00007ffd57db0000 - 0x00007ffd57dcb000 	C:\WINDOWS\SYSTEM32\CRYPTSP.dll
0x00007ffd573b0000 - 0x00007ffd573eb000 	C:\WINDOWS\system32\rsaenh.dll
0x00007ffd57ba0000 - 0x00007ffd57bcb000 	C:\WINDOWS\SYSTEM32\USERENV.dll
0x00007ffd58590000 - 0x00007ffd585b6000 	C:\WINDOWS\SYSTEM32\bcrypt.dll
0x00007ffd57dd0000 - 0x00007ffd57ddc000 	C:\WINDOWS\SYSTEM32\CRYPTBASE.dll
0x00007ffd56e80000 - 0x00007ffd56eb3000 	C:\WINDOWS\SYSTEM32\IPHLPAPI.DLL
0x00007ffd5a580000 - 0x00007ffd5a58a000 	C:\WINDOWS\System32\NSI.dll
0x00007ffd56ec0000 - 0x00007ffd56fe6000 	C:\WINDOWS\SYSTEM32\DNSAPI.dll
0x00007ffd4e050000 - 0x00007ffd4e05b000 	C:\Windows\System32\rasadhlp.dll
0x00007ffd4ffa0000 - 0x00007ffd50026000 	C:\WINDOWS\System32\fwpuclnt.dll
0x00007ffd547a0000 - 0x00007ffd547a8000 	C:\WINDOWS\system32\wshunix.dll

JVMTI agents:
C:\Program Files\JetBrains\IntelliJ IDEA Community Edition 2025.1.2\lib\idea_rt.jar path:C:\Users\user\.jdks\openjdk-24.0.1\bin\instrument.dll, loaded, initialized, instrumentlib options:58574

dbghelp: loaded successfully - version: 4.0.5 - missing functions: none
symbol engine: initialized successfully - sym options: 0x614 - pdb path: .;C:\Users\user\.jdks\openjdk-24.0.1\bin;C:\WINDOWS\SYSTEM32;C:\WINDOWS\WinSxS\amd64_microsoft.windows.common-controls_6595b64144ccf1df_6.0.26100.4484_none_3e0e6d4ce32ef3b3;C:\Users\user\.jdks\openjdk-24.0.1\bin\server

VM Arguments:
jvm_args: -javaagent:C:\Program Files\JetBrains\IntelliJ IDEA Community Edition 2025.1.2\lib\idea_rt.jar=58574 -Dfile.encoding=UTF-8 -Dsun.stdout.encoding=UTF-8 -Dsun.stderr.encoding=UTF-8 
java_command: com.janr.itsm.ItServiceManagementApplication
java_class_path (initial): C:\Users\user\Desktop\itsm-backend\target\classes;C:\Users\user\.m2\repository\org\springframework\boot\spring-boot-starter-data-jpa\3.5.7\spring-boot-starter-data-jpa-3.5.7.jar;C:\Users\user\.m2\repository\org\springframework\boot\spring-boot-starter\3.5.7\spring-boot-starter-3.5.7.jar;C:\Users\user\.m2\repository\org\springframework\boot\spring-boot-starter-logging\3.5.7\spring-boot-starter-logging-3.5.7.jar;C:\Users\user\.m2\repository\ch\qos\logback\logback-classic\1.5.20\logback-classic-1.5.20.jar;C:\Users\user\.m2\repository\ch\qos\logback\logback-core\1.5.20\logback-core-1.5.20.jar;C:\Users\user\.m2\repository\org\apache\logging\log4j\log4j-to-slf4j\2.24.3\log4j-to-slf4j-2.24.3.jar;C:\Users\user\.m2\repository\org\apache\logging\log4j\log4j-api\2.24.3\log4j-api-2.24.3.jar;C:\Users\user\.m2\repository\org\slf4j\jul-to-slf4j\2.0.17\jul-to-slf4j-2.0.17.jar;C:\Users\user\.m2\repository\jakarta\annotation\jakarta.annotation-api\2.1.1\jakarta.annotation-api-2.1.1.jar;C:\Users\user\.m2\repository\org\yaml\snakeyaml\2.4\snakeyaml-2.4.jar;C:\Users\user\.m2\repository\org\springframework\boot\spring-boot-starter-jdbc\3.5.7\spring-boot-starter-jdbc-3.5.7.jar;C:\Users\user\.m2\repository\com\zaxxer\HikariCP\6.3.3\HikariCP-6.3.3.jar;C:\Users\user\.m2\repository\org\springframework\spring-jdbc\6.2.12\spring-jdbc-6.2.12.jar;C:\Users\user\.m2\repository\org\hibernate\orm\hibernate-core\6.6.33.Final\hibernate-core-6.6.33.Final.jar;C:\Users\user\.m2\repository\jakarta\persistence\jakarta.persistence-api\3.1.0\jakarta.persistence-api-3.1.0.jar;C:\Users\user\.m2\repository\jakarta\transaction\jakarta.transaction-api\2.0.1\jakarta.transaction-api-2.0.1.jar;C:\Users\user\.m2\repository\org\jboss\logging\jboss-logging\3.6.1.Final\jboss-logging-3.6.1.Final.jar;C:\Users\user\.m2\repository\org\hibernate\common\hibernate-commons-annotations\7.0.3.Final\hibernate-commons-annotations-7.0.3.Final.jar;C:\Users\user\.m2\repository\io\smallrye\jandex\3.2.0\jandex-3.2.0.jar;C:\Users\user\.m2\repository\com\fasterxml\classmate\1.7.1\classmate-1.7.1.jar;C:\Users\user\.m2\repository\net\bytebuddy\byte-buddy\1.17.8\byte-buddy-1.17.8.jar;C:\Users\user\.m2\repository\org\glassfish\jaxb\jaxb-runtime\4.0.6\jaxb-runtime-4.0.6.jar;C:\Users\user\.m2\repository\org\glassfish\jaxb\jaxb-core\4.0.6\jaxb-core-4.0.6.jar;C:\Users\user\.m2\repository\org\eclipse\angus\angus-activation\2.0.3\angus-activation-2.0.3.jar;C:\Users\user\.m2\repository\org\glassfish\jaxb\txw2\4.0.6\txw2-4.0.6.jar;C:\Users\user\.m2\repository\com\sun\istack\istack-commons-runtime\4.1.2\istack-commons-runtime-4.1.2.jar;C:\Users\user\.m2\repository\jakarta\inject\jakarta.inject-api\2.0.1\jakarta.inject-api-2.0.1.jar;C:\Users\user\.m2\repository\org\antlr\antlr4-runtime\4.13.0\antlr4-runtime-4.13.0.jar;C:\Users\user\.m2\repository\org\springframework\data\spring-data-jpa\3.5.5\spring-data-jpa-3.5.5.jar;C:\Users\user\.m2\repository\org\springframework\data\spring-data-commons\3.5.5\spring-data-commons-3.5.5.jar;C:\Users\user\.m2\repository\org\springframework\spring-orm\6.2.12\spring-orm-6.2.12.jar;C:\Users\user\.m2\repository\org\springframework\spring-context\6.2.12\spring-context-6.2.12.jar;C:\Users\user\.m2\repository\org\springframework\spring-tx\6.2.12\spring-tx-6.2.12.jar;C:\Users\user\.m2\repository\org\springframework\spring-beans\6.2.12\spring-beans-6.2.12.jar;C:\Users\user\.m2\repository\org\slf4j\slf4j-api\2.0.17\slf4j-api-2.0.17.jar;C:\Users\user\.m2\repository\org\springframework\spring-aspects\6.2.12\spring-aspects-6.2.12.jar;C:\Users\user\.m2\repository\org\aspectj\aspectjweaver\1.9.24\aspectjweaver-1.9.24.jar;C:\Users\user\.m2\repository\org\springframework\boot\spring-boot-starter-security\3.5.7\spring-boot-starter-security-3.5.7.jar;C:\Users\user\.m2\repository\org\springframework\spring-aop\6.2.12\spring-aop-6.2.12.jar;C:\Users\user\.m2\repository\org\springframework\security\spring-security-config\6.5.6\spring-security-config-6.5.6.jar;C:\Users\user\.m2\repository\org\springframework\security\spring-security-web\6.5.6\spring-security-web-6.5.6.jar;C:\Users\user\.m2\repository\org\springframework\spring-expression\6.2.12\spring-expression-6.2.12.jar;C:\Users\user\.m2\repository\org\springframework\boot\spring-boot-starter-validation\3.5.7\spring-boot-starter-validation-3.5.7.jar;C:\Users\user\.m2\repository\org\apache\tomcat\embed\tomcat-embed-el\10.1.48\tomcat-embed-el-10.1.48.jar;C:\Users\user\.m2\repository\org\hibernate\validator\hibernate-validator\8.0.3.Final\hibernate-validator-8.0.3.Final.jar;C:\Users\user\.m2\repository\jakarta\validation\jakarta.validation-api\3.0.2\jakarta.validation-api-3.0.2.jar;C:\Users\user\.m2\repository\org\springframework\boot\spring-boot-starter-web\3.5.7\spring-boot-starter-web-3.5.7.jar;C:\Users\user\.m2\repository\org\springframework\boot\spring-boot-starter-json\3.5.7\spring-boot-starter-json-3.5.7.jar;C:\Users\user\.m2\repository\com\fasterxml\jackson\datatype\jackson-datatype-jdk8\2.19.2\jackson-datatype-jdk8-2.19.2.jar;C:\Users\user\.m2\repository\com\fasterxml\jackson\datatype\jackson-datatype-jsr310\2.19.2\jackson-datatype-jsr310-2.19.2.jar;C:\Users\user\.m2\repository\com\fasterxml\jackson\module\jackson-module-parameter-names\2.19.2\jackson-module-parameter-names-2.19.2.jar;C:\Users\user\.m2\repository\org\springframework\boot\spring-boot-starter-tomcat\3.5.7\spring-boot-starter-tomcat-3.5.7.jar;C:\Users\user\.m2\repository\org\apache\tomcat\embed\tomcat-embed-core\10.1.48\tomcat-embed-core-10.1.48.jar;C:\Users\user\.m2\repository\org\apache\tomcat\embed\tomcat-embed-websocket\10.1.48\tomcat-embed-websocket-10.1.48.jar;C:\Users\user\.m2\repository\org\springframework\spring-web\6.2.12\spring-web-6.2.12.jar;C:\Users\user\.m2\repository\io\micrometer\micrometer-observation\1.15.5\micrometer-observation-1.15.5.jar;C:\Users\user\.m2\repository\io\micrometer\micrometer-commons\1.15.5\micrometer-commons-1.15.5.jar;C:\Users\user\.m2\repository\org\springframework\spring-webmvc\6.2.12\spring-webmvc-6.2.12.jar;C:\Users\user\.m2\repository\org\springframework\boot\spring-boot-devtools\3.5.7\spring-boot-devtools-3.5.7.jar;C:\Users\user\.m2\repository\org\springframework\boot\spring-boot\3.5.7\spring-boot-3.5.7.jar;C:\Users\user\.m2\repository\org\springframework\boot\spring-boot-autoconfigure\3.5.7\spring-boot-autoconfigure-3.5.7.jar;C:\Users\user\.m2\repository\com\h2database\h2\2.3.232\h2-2.3.232.jar;C:\Users\user\.m2\repository\com\mysql\mysql-connector-j\9.4.0\mysql-connector-j-9.4.0.jar;C:\Users\user\.m2\repository\org\projectlombok\lombok\1.18.42\lombok-1.18.42.jar;C:\Users\user\.m2\repository\jakarta\xml\bind\jakarta.xml.bind-api\4.0.4\jakarta.xml.bind-api-4.0.4.jar;C:\Users\user\.m2\repository\jakarta\activation\jakarta.activation-api\2.1.4\jakarta.activation-api-2.1.4.jar;C:\Users\user\.m2\repository\org\springframework\spring-core\6.2.12\spring-core-6.2.12.jar;C:\Users\user\.m2\repository\org\springframework\spring-jcl\6.2.12\spring-jcl-6.2.12.jar;C:\Users\user\.m2\repository\org\springframework\security\spring-security-core\6.5.6\spring-security-core-6.5.6.jar;C:\Users\user\.m2\repository\org\springframework\security\spring-security-crypto\6.5.6\spring-security-crypto-6.5.6.jar;C:\Users\user\.m2\repository\io\jsonwebtoken\jjwt-api\0.11.5\jjwt-api-0.11.5.jar;C:\Users\user\.m2\repository\io\jsonwebtoken\jjwt-impl\0.11.5\jjwt-impl-0.11.5.jar;C:\Users\user\.m2\repository\io\jsonwebtoken\jjwt-jackson\0.11.5\jjwt-jackson-0.11.5.jar;C:\Users\user\.m2\repository\com\fasterxml\jackson\core\jackson-databind\2.19.2\jackson-databind-2.19.2.jar;C:\Users\user\.m2\repository\com\fasterxml\jackson\core\jackson-annotations\2.19.2\jackson-annotations-2.19.2.jar;C:\Users\user\.m2\repository\com\fasterxml\jackson\core\jackson-core\2.19.2\jackson-core-2.19.2.jar
Launcher Type: SUN_STANDARD

[Global flags]
     intx CICompilerCount                          = 4                                         {product} {ergonomic}
     uint ConcGCThreads                            = 2                                         {product} {ergonomic}
     uint G1ConcRefinementThreads                  = 8                                         {product} {ergonomic}
   size_t G1HeapRegionSize                         = 1048576                                   {product} {ergonomic}
   size_t InitialHeapSize                          = 134217728                                 {product} {ergonomic}
   size_t MarkStackSize                            = 4194304                                   {product} {ergonomic}
   size_t MarkStackSizeMax                         = 536870912                                 {product} {ergonomic}
   size_t MaxHeapSize                              = 2116026368                                {product} {ergonomic}
   size_t MaxNewSize                               = 1268776960                                {product} {ergonomic}
   size_t MinHeapDeltaBytes                        = 1048576                                   {product} {ergonomic}
   size_t MinHeapSize                              = 8388608                                   {product} {ergonomic}
    uintx NonNMethodCodeHeapSize                   = 5832704                                {pd product} {ergonomic}
    uintx NonProfiledCodeHeapSize                  = 122945536                              {pd product} {ergonomic}
    uintx ProfiledCodeHeapSize                     = 122880000                              {pd product} {ergonomic}
    uintx ReservedCodeCacheSize                    = 251658240                              {pd product} {ergonomic}
     bool SegmentedCodeCache                       = true                                      {product} {ergonomic}
   size_t SoftMaxHeapSize                          = 2116026368                             {manageable} {ergonomic}
     bool UseCompressedOops                        = true                           {product lp64_product} {ergonomic}
     bool UseG1GC                                  = true                                      {product} {ergonomic}
     bool UseLargePagesIndividualAllocation        = false                                  {pd product} {ergonomic}

Logging:
Log output configuration:
 #0: stdout all=warning uptime,level,tags foldmultilines=false
 #1: stderr all=off uptime,level,tags foldmultilines=false

Environment Variables:
PATH=C:\Program Files\Common Files\Oracle\Java\javapath;C:\Program Files (x86)\Common Files\Oracle\Java\javapath;C:\Windows\system32;C:\Windows;C:\Windows\System32\Wbem;C:\Windows\System32\WindowsPowerShell\v1.0\;C:\Windows\System32\OpenSSH\;C:\Program Files (x86)\NVIDIA Corporation\PhysX\Common;C:\WINDOWS\system32;C:\WINDOWS;C:\WINDOWS\System32\Wbem;C:\WINDOWS\System32\WindowsPowerShell\v1.0\;C:\WINDOWS\System32\OpenSSH\;C:\Program Files\Git\cmd;C:\xampp\php;C:\ProgramData\ComposerSetup\bin;C:\Program Files\NVIDIA Corporation\NVIDIA app\NvDLISR;C:\Program Files\Java\jdk-24\bin;C:\Program Files\dotnet\;C:\Program Files\nodejs\;C:\Users\user\AppData\Local\Microsoft\WindowsApps\python;C:\Users\user\AppData\Local\Microsoft\WindowsApps\python\Scripts;C:\Users\user\AppData\Local\Programs\Python\Launcher\;C:\Users\user\AppData\Local\Programs\Python\Python312\Scripts;C:\Users\user\AppData\Local\Programs\Microsoft VS Code\bin;C:\Users\user\AppData\Roaming\Composer\vendor\bin;C:\Users\user\AppData\Local\Packages\PythonSoftwareFoundation.Python.3.11_qbz5n2kfra8p0;C:\Users\user\AppData\Local\Microsoft\WindowsApps\PythonSoftwareFoundation.Python.3.11_qbz5n2kfra8p0;;C:\Users\user\AppData\Local\Microsoft\WindowsApps;C:\Program Files\JetBrains\IntelliJ IDEA Community Edition 2024.3\bin;;C:\Users\user\AppData\Roaming\npm
USERNAME=user
OS=Windows_NT
PROCESSOR_IDENTIFIER=Intel64 Family 6 Model 142 Stepping 10, GenuineIntel
TMP=C:\Users\user\AppData\Local\Temp
TEMP=C:\Users\user\AppData\Local\Temp




Periodic native trim disabled

---------------  S Y S T E M  ---------------

OS:
 Windows 11 , 64 bit Build 26100 (10.0.26100.4484)
OS uptime: 7 days 7:09 hours

CPU: total 8 (initial active 8) (4 cores per cpu, 2 threads per core) family 6 model 142 stepping 10 microcode 0xe0, cx8, cmov, fxsr, ht, mmx, 3dnowpref, sse, sse2, sse3, ssse3, sse4.1, sse4.2, popcnt, lzcnt, tsc, tscinvbit, avx, avx2, aes, erms, clmul, bmi1, bmi2, adx, fma, vzeroupper, clflush, clflushopt, rdtscp, f16c
Processor Information for the first 8 processors :
  Max Mhz: 1800, Current Mhz: 1600, Mhz Limit: 1584

Memory: 4k page, system-wide physical 8070M (636M free)
TotalPageFile size 16262M (AvailPageFile size 17M)
current process WorkingSet (physical memory assigned to process): 35M, peak: 296M
current process commit charge ("private bytes"): 269M, peak: 337M

vm_info: OpenJDK 64-Bit Server VM (24.0.1+9-30) for windows-amd64 JRE (24.0.1+9-30), built on 2025-03-05T07:23:45Z with MS VC++ 17.6 (VS2022)

END.
